<?xml version="1.0" encoding="UTF-8"?>
<!-- Generated by org.testng.reporters.JUnitReportReporter -->
<testsuite hostname="DESKTOP-003T0N6" failures="0" tests="4" name="com.test.amazon.OnlineMobileSearch.MobileSearch" time="5.159" errors="0" timestamp="2021-02-26T18:37:43 IST" skipped="0">
  <testcase classname="com.test.amazon.OnlineMobileSearch.MobileSearch" name="searchMobile" time="3.610"/>
  <system-out/>
  <testcase classname="com.test.amazon.OnlineMobileSearch.MobileSearch" name="validateSearch" time="0.370"/>
  <system-out/>
  <testcase classname="com.test.amazon.OnlineMobileSearch.MobileSearch" name="sortByList" time="0.697"/>
  <system-out/>
  <testcase classname="com.test.amazon.OnlineMobileSearch.MobileSearch" name="selectNewArrived" time="0.482"/>
  <system-out/>
</testsuite> <!-- com.test.amazon.OnlineMobileSearch.MobileSearch -->
